----------------------------------------------------------------
Wed Jun 22 16:07:29 IST 2022:
Booting Derby version The Apache Software Foundation - Apache Derby - 10.14.2.0 - (1828579): instance a816c00e-0181-8afd-096b-00000c5d5a38 
on database directory memory:C:\Users\umaid\Downloads\EmployeeDatabase\2b2a5c44-1091-4d2e-9516-c2cb67374566 with class loader sun.misc.Launcher$AppClassLoader@73d16e93 
Loaded from file:/C:/Users/umaid/.m2/repository/org/apache/derby/derby/10.14.2.0/derby-10.14.2.0.jar
java.vendor=Oracle Corporation
java.runtime.version=1.8.0_301-b09
user.dir=C:\Users\umaid\Downloads\EmployeeDatabase
os.name=Windows 10
os.arch=amd64
os.version=10.0
derby.system.home=null
Database Class Loader started - derby.database.classpath=''
----------------------------------------------------------------
Wed Jun 22 16:24:21 IST 2022:
Shutting down instance a816c00e-0181-8afd-096b-00000c5d5a38 on database directory memory:C:\Users\umaid\Downloads\EmployeeDatabase\2b2a5c44-1091-4d2e-9516-c2cb67374566 with class loader sun.misc.Launcher$AppClassLoader@73d16e93 
----------------------------------------------------------------
Wed Jun 22 16:24:28 IST 2022:
Booting Derby version The Apache Software Foundation - Apache Derby - 10.14.2.0 - (1828579): instance 89e800c0-0181-8afd-096b-00000c5d5a38 
on database directory memory:C:\Users\umaid\Downloads\EmployeeDatabase\43c15e30-4562-4f09-8de6-9be38c8247ee with class loader sun.misc.Launcher$AppClassLoader@73d16e93 
Loaded from file:/C:/Users/umaid/.m2/repository/org/apache/derby/derby/10.14.2.0/derby-10.14.2.0.jar
java.vendor=Oracle Corporation
java.runtime.version=1.8.0_301-b09
user.dir=C:\Users\umaid\Downloads\EmployeeDatabase
os.name=Windows 10
os.arch=amd64
os.version=10.0
derby.system.home=null
Database Class Loader started - derby.database.classpath=''
----------------------------------------------------------------
Wed Jun 22 16:26:01 IST 2022:
Shutting down instance 89e800c0-0181-8afd-096b-00000c5d5a38 on database directory memory:C:\Users\umaid\Downloads\EmployeeDatabase\43c15e30-4562-4f09-8de6-9be38c8247ee with class loader sun.misc.Launcher$AppClassLoader@73d16e93 
----------------------------------------------------------------
Wed Jun 22 16:26:04 IST 2022:
Booting Derby version The Apache Software Foundation - Apache Derby - 10.14.2.0 - (1828579): instance 39f20170-0181-8afd-096b-00000c5d5a38 
on database directory memory:C:\Users\umaid\Downloads\EmployeeDatabase\a380f51c-7fc0-4e85-b071-552d048f8294 with class loader sun.misc.Launcher$AppClassLoader@73d16e93 
Loaded from file:/C:/Users/umaid/.m2/repository/org/apache/derby/derby/10.14.2.0/derby-10.14.2.0.jar
java.vendor=Oracle Corporation
java.runtime.version=1.8.0_301-b09
user.dir=C:\Users\umaid\Downloads\EmployeeDatabase
os.name=Windows 10
os.arch=amd64
os.version=10.0
derby.system.home=null
Database Class Loader started - derby.database.classpath=''
----------------------------------------------------------------
Wed Jun 22 16:26:38 IST 2022:
Shutting down instance 39f20170-0181-8afd-096b-00000c5d5a38 on database directory memory:C:\Users\umaid\Downloads\EmployeeDatabase\a380f51c-7fc0-4e85-b071-552d048f8294 with class loader sun.misc.Launcher$AppClassLoader@73d16e93 
----------------------------------------------------------------
Wed Jun 22 16:26:41 IST 2022:
Booting Derby version The Apache Software Foundation - Apache Derby - 10.14.2.0 - (1828579): instance 083c0220-0181-8afd-096b-00000c5d5a38 
on database directory memory:C:\Users\umaid\Downloads\EmployeeDatabase\19decbca-545b-4de0-b20e-5c30a02b2cd3 with class loader sun.misc.Launcher$AppClassLoader@73d16e93 
Loaded from file:/C:/Users/umaid/.m2/repository/org/apache/derby/derby/10.14.2.0/derby-10.14.2.0.jar
java.vendor=Oracle Corporation
java.runtime.version=1.8.0_301-b09
user.dir=C:\Users\umaid\Downloads\EmployeeDatabase
os.name=Windows 10
os.arch=amd64
os.version=10.0
derby.system.home=null
Database Class Loader started - derby.database.classpath=''
----------------------------------------------------------------
Wed Jun 22 16:28:01 IST 2022:
Shutting down instance 083c0220-0181-8afd-096b-00000c5d5a38 on database directory memory:C:\Users\umaid\Downloads\EmployeeDatabase\19decbca-545b-4de0-b20e-5c30a02b2cd3 with class loader sun.misc.Launcher$AppClassLoader@73d16e93 
----------------------------------------------------------------
Wed Jun 22 16:28:04 IST 2022:
Booting Derby version The Apache Software Foundation - Apache Derby - 10.14.2.0 - (1828579): instance f4c602d0-0181-8afd-096b-00000c5d5a38 
on database directory memory:C:\Users\umaid\Downloads\EmployeeDatabase\76dcac4b-75e8-4319-b788-8a94e6a954ea with class loader sun.misc.Launcher$AppClassLoader@73d16e93 
Loaded from file:/C:/Users/umaid/.m2/repository/org/apache/derby/derby/10.14.2.0/derby-10.14.2.0.jar
java.vendor=Oracle Corporation
java.runtime.version=1.8.0_301-b09
user.dir=C:\Users\umaid\Downloads\EmployeeDatabase
os.name=Windows 10
os.arch=amd64
os.version=10.0
derby.system.home=null
Database Class Loader started - derby.database.classpath=''
----------------------------------------------------------------
Wed Jun 22 17:00:20 IST 2022:
Shutting down instance f4c602d0-0181-8afd-096b-00000c5d5a38 on database directory memory:C:\Users\umaid\Downloads\EmployeeDatabase\76dcac4b-75e8-4319-b788-8a94e6a954ea with class loader sun.misc.Launcher$AppClassLoader@73d16e93 
----------------------------------------------------------------
Wed Jun 22 17:00:28 IST 2022:
Booting Derby version The Apache Software Foundation - Apache Derby - 10.14.2.0 - (1828579): instance ff900380-0181-8afd-096b-00000c5d5a38 
on database directory memory:C:\Users\umaid\Downloads\EmployeeDatabase\24e61076-928c-467a-90e3-5faad611fceb with class loader sun.misc.Launcher$AppClassLoader@73d16e93 
Loaded from file:/C:/Users/umaid/.m2/repository/org/apache/derby/derby/10.14.2.0/derby-10.14.2.0.jar
java.vendor=Oracle Corporation
java.runtime.version=1.8.0_301-b09
user.dir=C:\Users\umaid\Downloads\EmployeeDatabase
os.name=Windows 10
os.arch=amd64
os.version=10.0
derby.system.home=null
Database Class Loader started - derby.database.classpath=''
----------------------------------------------------------------
Wed Jun 22 17:04:53 IST 2022:
Shutting down instance ff900380-0181-8afd-096b-00000c5d5a38 on database directory memory:C:\Users\umaid\Downloads\EmployeeDatabase\24e61076-928c-467a-90e3-5faad611fceb with class loader sun.misc.Launcher$AppClassLoader@73d16e93 
----------------------------------------------------------------
Wed Jun 22 17:04:58 IST 2022:
Booting Derby version The Apache Software Foundation - Apache Derby - 10.14.2.0 - (1828579): instance cb984442-0181-8afd-096b-00000c5d5a38 
on database directory memory:C:\Users\umaid\Downloads\EmployeeDatabase\8072b96d-4a2a-4fb3-9342-82fd630cece2 with class loader sun.misc.Launcher$AppClassLoader@73d16e93 
Loaded from file:/C:/Users/umaid/.m2/repository/org/apache/derby/derby/10.14.2.0/derby-10.14.2.0.jar
java.vendor=Oracle Corporation
java.runtime.version=1.8.0_301-b09
user.dir=C:\Users\umaid\Downloads\EmployeeDatabase
os.name=Windows 10
os.arch=amd64
os.version=10.0
derby.system.home=null
Database Class Loader started - derby.database.classpath=''
----------------------------------------------------------------
Wed Jun 22 17:08:24 IST 2022:
Shutting down instance cb984442-0181-8afd-096b-00000c5d5a38 on database directory memory:C:\Users\umaid\Downloads\EmployeeDatabase\8072b96d-4a2a-4fb3-9342-82fd630cece2 with class loader sun.misc.Launcher$AppClassLoader@73d16e93 
----------------------------------------------------------------
Wed Jun 22 17:08:26 IST 2022:
Booting Derby version The Apache Software Foundation - Apache Derby - 10.14.2.0 - (1828579): instance 16a704f9-0181-8afd-096b-00000c5d5a38 
on database directory memory:C:\Users\umaid\Downloads\EmployeeDatabase\f155aa23-320a-4d73-8820-711c1c330cb9 with class loader sun.misc.Launcher$AppClassLoader@73d16e93 
Loaded from file:/C:/Users/umaid/.m2/repository/org/apache/derby/derby/10.14.2.0/derby-10.14.2.0.jar
java.vendor=Oracle Corporation
java.runtime.version=1.8.0_301-b09
user.dir=C:\Users\umaid\Downloads\EmployeeDatabase
os.name=Windows 10
os.arch=amd64
os.version=10.0
derby.system.home=null
Database Class Loader started - derby.database.classpath=''
----------------------------------------------------------------
Wed Jun 22 17:17:13 IST 2022:
Shutting down instance 16a704f9-0181-8afd-096b-00000c5d5a38 on database directory memory:C:\Users\umaid\Downloads\EmployeeDatabase\f155aa23-320a-4d73-8820-711c1c330cb9 with class loader sun.misc.Launcher$AppClassLoader@73d16e93 
----------------------------------------------------------------
Wed Jun 22 17:17:21 IST 2022:
Booting Derby version The Apache Software Foundation - Apache Derby - 10.14.2.0 - (1828579): instance 007d05a9-0181-8afd-096b-00000c5d5a38 
on database directory memory:C:\Users\umaid\Downloads\EmployeeDatabase\da793960-351c-4c79-b99c-3c4db09cfb46 with class loader sun.misc.Launcher$AppClassLoader@73d16e93 
Loaded from file:/C:/Users/umaid/.m2/repository/org/apache/derby/derby/10.14.2.0/derby-10.14.2.0.jar
java.vendor=Oracle Corporation
java.runtime.version=1.8.0_301-b09
user.dir=C:\Users\umaid\Downloads\EmployeeDatabase
os.name=Windows 10
os.arch=amd64
os.version=10.0
derby.system.home=null
Database Class Loader started - derby.database.classpath=''
----------------------------------------------------------------
Wed Jun 22 17:52:27 IST 2022:
Shutting down instance 007d05a9-0181-8afd-096b-00000c5d5a38 on database directory memory:C:\Users\umaid\Downloads\EmployeeDatabase\da793960-351c-4c79-b99c-3c4db09cfb46 with class loader sun.misc.Launcher$AppClassLoader@73d16e93 
----------------------------------------------------------------
Wed Jun 22 17:52:35 IST 2022:
Booting Derby version The Apache Software Foundation - Apache Derby - 10.14.2.0 - (1828579): instance 8bb40660-0181-8afd-096b-00000c5d5a38 
on database directory memory:C:\Users\umaid\Downloads\EmployeeDatabase\86ed76da-2c5c-47ff-aceb-0d96f7f033b3 with class loader sun.misc.Launcher$AppClassLoader@73d16e93 
Loaded from file:/C:/Users/umaid/.m2/repository/org/apache/derby/derby/10.14.2.0/derby-10.14.2.0.jar
java.vendor=Oracle Corporation
java.runtime.version=1.8.0_301-b09
user.dir=C:\Users\umaid\Downloads\EmployeeDatabase
os.name=Windows 10
os.arch=amd64
os.version=10.0
derby.system.home=null
Database Class Loader started - derby.database.classpath=''
----------------------------------------------------------------
Thu Jun 23 11:10:53 IST 2022:
Shutting down instance 8bb40660-0181-8afd-096b-00000c5d5a38 on database directory memory:C:\Users\umaid\Downloads\EmployeeDatabase\86ed76da-2c5c-47ff-aceb-0d96f7f033b3 with class loader sun.misc.Launcher$AppClassLoader@73d16e93 
----------------------------------------------------------------
Thu Jun 23 11:10:59 IST 2022:
Booting Derby version The Apache Software Foundation - Apache Derby - 10.14.2.0 - (1828579): instance 333e0710-0181-8afd-096b-00000c5d5a38 
on database directory memory:C:\Users\umaid\Downloads\EmployeeDatabase\a7cd4754-2a34-4b08-8aa8-da6f42aebc15 with class loader sun.misc.Launcher$AppClassLoader@73d16e93 
Loaded from file:/C:/Users/umaid/.m2/repository/org/apache/derby/derby/10.14.2.0/derby-10.14.2.0.jar
java.vendor=Oracle Corporation
java.runtime.version=1.8.0_301-b09
user.dir=C:\Users\umaid\Downloads\EmployeeDatabase
os.name=Windows 10
os.arch=amd64
os.version=10.0
derby.system.home=null
Database Class Loader started - derby.database.classpath=''
